<?xml version="1.0" encoding="UTF-8"?>
<coverage generated="1705168350614" clover="3.2.0">
  <project timestamp="1705168350614" name="All files">
    <metrics statements="111" coveredstatements="104" conditionals="32" coveredconditionals="24" methods="47" coveredmethods="42" elements="190" coveredelements="170" complexity="0" loc="111" ncloc="111" packages="2" files="16" classes="16"/>
    <package name="components">
      <metrics statements="82" coveredstatements="80" conditionals="30" coveredconditionals="24" methods="36" coveredmethods="35"/>
      <file name="Body.jsx" path="C:\Users\sahup\Desktop\reactJS\13 Time for Test\src\components\Body.jsx">
        <metrics statements="27" coveredstatements="26" conditionals="10" coveredconditionals="7" methods="11" coveredmethods="10"/>
        <line num="9" count="1" type="stmt"/>
        <line num="10" count="7" type="stmt"/>
        <line num="11" count="7" type="stmt"/>
        <line num="12" count="7" type="stmt"/>
        <line num="13" count="7" type="stmt"/>
        <line num="15" count="7" type="stmt"/>
        <line num="17" count="7" type="stmt"/>
        <line num="18" count="2" type="stmt"/>
        <line num="21" count="7" type="stmt"/>
        <line num="22" count="2" type="stmt"/>
        <line num="23" count="2" type="stmt"/>
        <line num="24" count="2" type="stmt"/>
        <line num="26" count="2" type="stmt"/>
        <line num="30" count="7" type="stmt"/>
        <line num="31" count="7" type="cond" truecount="1" falsecount="1"/>
        <line num="34" count="7" type="cond" truecount="4" falsecount="0"/>
        <line num="40" count="1" type="stmt"/>
        <line num="45" count="1" type="stmt"/>
        <line num="48" count="20" type="stmt"/>
        <line num="51" count="1" type="stmt"/>
        <line num="52" count="1" type="stmt"/>
        <line num="67" count="1" type="stmt"/>
        <line num="69" count="20" type="stmt"/>
        <line num="71" count="1" type="stmt"/>
        <line num="79" count="0" type="stmt"/>
        <line num="89" count="65" type="stmt"/>
        <line num="109" count="1" type="cond" truecount="1" falsecount="1"/>
      </file>
      <file name="Cart.jsx" path="C:\Users\sahup\Desktop\reactJS\13 Time for Test\src\components\Cart.jsx">
        <metrics statements="8" coveredstatements="8" conditionals="4" coveredconditionals="4" methods="4" coveredmethods="4"/>
        <line num="6" count="1" type="stmt"/>
        <line num="7" count="8" type="stmt"/>
        <line num="8" count="4" type="stmt"/>
        <line num="9" count="4" type="stmt"/>
        <line num="10" count="4" type="stmt"/>
        <line num="11" count="1" type="stmt"/>
        <line num="13" count="4" type="stmt"/>
        <line num="30" count="4" type="cond" truecount="2" falsecount="0"/>
      </file>
      <file name="Contact.jsx" path="C:\Users\sahup\Desktop\reactJS\13 Time for Test\src\components\Contact.jsx">
        <metrics statements="2" coveredstatements="2" conditionals="0" coveredconditionals="0" methods="1" coveredmethods="1"/>
        <line num="3" count="1" type="stmt"/>
        <line num="4" count="4" type="stmt"/>
      </file>
      <file name="Header.jsx" path="C:\Users\sahup\Desktop\reactJS\13 Time for Test\src\components\Header.jsx">
        <metrics statements="7" coveredstatements="7" conditionals="4" coveredconditionals="2" methods="3" coveredmethods="3"/>
        <line num="7" count="2" type="stmt"/>
        <line num="9" count="9" type="stmt"/>
        <line num="10" count="9" type="stmt"/>
        <line num="11" count="9" type="stmt"/>
        <line num="13" count="17" type="stmt"/>
        <line num="16" count="9" type="stmt"/>
        <line num="50" count="1" type="cond" truecount="1" falsecount="1"/>
      </file>
      <file name="ItemListOfAccordiant.jsx" path="C:\Users\sahup\Desktop\reactJS\13 Time for Test\src\components\ItemListOfAccordiant.jsx">
        <metrics statements="7" coveredstatements="7" conditionals="0" coveredconditionals="0" methods="4" coveredmethods="4"/>
        <line num="6" count="1" type="stmt"/>
        <line num="8" count="5" type="stmt"/>
        <line num="9" count="5" type="stmt"/>
        <line num="11" count="2" type="stmt"/>
        <line num="13" count="5" type="stmt"/>
        <line num="16" count="19" type="stmt"/>
        <line num="31" count="2" type="stmt"/>
      </file>
      <file name="RestaurantCard.jsx" path="C:\Users\sahup\Desktop\reactJS\13 Time for Test\src\components\RestaurantCard.jsx">
        <metrics statements="10" coveredstatements="10" conditionals="4" coveredconditionals="4" methods="5" coveredmethods="5"/>
        <line num="5" count="2" type="stmt"/>
        <line num="6" count="66" type="stmt"/>
        <line num="8" count="66" type="stmt"/>
        <line num="11" count="66" type="stmt"/>
        <line num="16" count="66" type="stmt"/>
        <line num="39" count="16" type="stmt"/>
        <line num="56" count="2" type="stmt"/>
        <line num="57" count="7" type="stmt"/>
        <line num="58" count="65" type="stmt"/>
        <line num="75" count="66" type="cond" truecount="2" falsecount="0"/>
      </file>
      <file name="RestaurantCategory.jsx" path="C:\Users\sahup\Desktop\reactJS\13 Time for Test\src\components\RestaurantCategory.jsx">
        <metrics statements="4" coveredstatements="4" conditionals="2" coveredconditionals="2" methods="2" coveredmethods="2"/>
        <line num="5" count="1" type="stmt"/>
        <line num="6" count="12" type="stmt"/>
        <line num="7" count="1" type="stmt"/>
        <line num="9" count="12" type="stmt"/>
      </file>
      <file name="RestaurantMenu.jsx" path="C:\Users\sahup\Desktop\reactJS\13 Time for Test\src\components\RestaurantMenu.jsx">
        <metrics statements="13" coveredstatements="12" conditionals="6" coveredconditionals="5" methods="4" coveredmethods="4"/>
        <line num="6" count="1" type="stmt"/>
        <line num="7" count="3" type="stmt"/>
        <line num="8" count="3" type="stmt"/>
        <line num="9" count="3" type="stmt"/>
        <line num="11" count="3" type="cond" truecount="2" falsecount="0"/>
        <line num="12" count="2" type="stmt"/>
        <line num="14" count="2" type="cond" truecount="1" falsecount="1"/>
        <line num="15" count="0" type="stmt"/>
        <line num="18" count="22" type="stmt"/>
        <line num="21" count="2" type="stmt"/>
        <line num="23" count="2" type="stmt"/>
        <line num="25" count="2" type="stmt"/>
        <line num="35" count="12" type="cond" truecount="2" falsecount="0"/>
      </file>
      <file name="Shimmer.jsx" path="C:\Users\sahup\Desktop\reactJS\13 Time for Test\src\components\Shimmer.jsx">
        <metrics statements="2" coveredstatements="2" conditionals="0" coveredconditionals="0" methods="1" coveredmethods="1"/>
        <line num="3" count="2" type="stmt"/>
        <line num="4" count="3" type="stmt"/>
      </file>
      <file name="sum.js" path="C:\Users\sahup\Desktop\reactJS\13 Time for Test\src\components\sum.js">
        <metrics statements="2" coveredstatements="2" conditionals="0" coveredconditionals="0" methods="1" coveredmethods="1"/>
        <line num="1" count="1" type="stmt"/>
        <line num="2" count="1" type="stmt"/>
      </file>
    </package>
    <package name="utils">
      <metrics statements="29" coveredstatements="24" conditionals="2" coveredconditionals="0" methods="11" coveredmethods="7"/>
      <file name="UserContext.js" path="C:\Users\sahup\Desktop\reactJS\13 Time for Test\src\utils\UserContext.js">
        <metrics statements="1" coveredstatements="1" conditionals="0" coveredconditionals="0" methods="0" coveredmethods="0"/>
        <line num="3" count="4" type="stmt"/>
      </file>
      <file name="appStore.js" path="C:\Users\sahup\Desktop\reactJS\13 Time for Test\src\utils\appStore.js">
        <metrics statements="1" coveredstatements="1" conditionals="0" coveredconditionals="0" methods="0" coveredmethods="0"/>
        <line num="3" count="2" type="stmt"/>
      </file>
      <file name="cartSlice.js" path="C:\Users\sahup\Desktop\reactJS\13 Time for Test\src\utils\cartSlice.js">
        <metrics statements="7" coveredstatements="4" conditionals="2" coveredconditionals="0" methods="4" coveredmethods="2"/>
        <line num="3" count="2" type="stmt"/>
        <line num="17" count="2" type="stmt"/>
        <line num="20" count="0" type="stmt"/>
        <line num="22" count="0" type="stmt"/>
        <line num="26" count="1" type="stmt"/>
        <line num="31" count="2" type="stmt"/>
        <line num="40" count="0" type="cond" truecount="0" falsecount="2"/>
      </file>
      <file name="constants.js" path="C:\Users\sahup\Desktop\reactJS\13 Time for Test\src\utils\constants.js">
        <metrics statements="3" coveredstatements="3" conditionals="0" coveredconditionals="0" methods="0" coveredmethods="0"/>
        <line num="1" count="4" type="stmt"/>
        <line num="2" count="4" type="stmt"/>
        <line num="3" count="4" type="stmt"/>
      </file>
      <file name="useOnlineStatus.js" path="C:\Users\sahup\Desktop\reactJS\13 Time for Test\src\utils\useOnlineStatus.js">
        <metrics statements="8" coveredstatements="6" conditionals="0" coveredconditionals="0" methods="4" coveredmethods="2"/>
        <line num="3" count="3" type="stmt"/>
        <line num="4" count="16" type="stmt"/>
        <line num="5" count="16" type="stmt"/>
        <line num="6" count="7" type="stmt"/>
        <line num="7" count="0" type="stmt"/>
        <line num="9" count="7" type="stmt"/>
        <line num="10" count="0" type="stmt"/>
        <line num="16" count="16" type="stmt"/>
      </file>
      <file name="useRestrauntMenu.js" path="C:\Users\sahup\Desktop\reactJS\13 Time for Test\src\utils\useRestrauntMenu.js">
        <metrics statements="9" coveredstatements="9" conditionals="0" coveredconditionals="0" methods="3" coveredmethods="3"/>
        <line num="3" count="1" type="stmt"/>
        <line num="4" count="3" type="stmt"/>
        <line num="5" count="3" type="stmt"/>
        <line num="6" count="1" type="stmt"/>
        <line num="8" count="3" type="stmt"/>
        <line num="9" count="1" type="stmt"/>
        <line num="10" count="1" type="stmt"/>
        <line num="11" count="1" type="stmt"/>
        <line num="13" count="3" type="stmt"/>
      </file>
    </package>
  </project>
</coverage>
