{"C:\\Users\\sahup\\Desktop\\reactJS\\13 Time for Test\\src\\components\\Body.jsx": {"path":"C:\\Users\\sahup\\Desktop\\reactJS\\13 Time for Test\\src\\components\\Body.jsx","statementMap":{"0":{"start":{"line":9,"column":13},"end":{"line":101,"column":9}},"1":{"start":{"line":10,"column":50},"end":{"line":10,"column":62}},"2":{"start":{"line":11,"column":50},"end":{"line":11,"column":62}},"3":{"start":{"line":12,"column":34},"end":{"line":12,"column":46}},"4":{"start":{"line":13,"column":32},"end":{"line":13,"column":64}},"5":{"start":{"line":15,"column":33},"end":{"line":15,"column":56}},"6":{"start":{"line":17,"column":2},"end":{"line":20,"column":7}},"7":{"start":{"line":18,"column":3},"end":{"line":18,"column":14}},"8":{"start":{"line":21,"column":17},"end":{"line":29,"column":2}},"9":{"start":{"line":22,"column":15},"end":{"line":22,"column":174}},"10":{"start":{"line":23,"column":14},"end":{"line":23,"column":31}},"11":{"start":{"line":24,"column":7},"end":{"line":25,"column":18}},"12":{"start":{"line":26,"column":6},"end":{"line":27,"column":20}},"13":{"start":{"line":30,"column":20},"end":{"line":30,"column":37}},"14":{"start":{"line":31,"column":1},"end":{"line":31,"column":61}},"15":{"start":{"line":31,"column":27},"end":{"line":31,"column":61}},"16":{"start":{"line":34,"column":2},"end":{"line":100,"column":3}},"17":{"start":{"line":40,"column":25},"end":{"line":40,"column":54}},"18":{"start":{"line":45,"column":38},"end":{"line":50,"column":14}},"19":{"start":{"line":48,"column":14},"end":{"line":48,"column":76}},"20":{"start":{"line":51,"column":33},"end":{"line":51,"column":102}},"21":{"start":{"line":52,"column":13},"end":{"line":52,"column":57}},"22":{"start":{"line":67,"column":33},"end":{"line":70,"column":13}},"23":{"start":{"line":69,"column":21},"end":{"line":69,"column":45}},"24":{"start":{"line":71,"column":12},"end":{"line":71,"column":49}},"25":{"start":{"line":79,"column":98},"end":{"line":79,"column":125}},"26":{"start":{"line":89,"column":18},"end":{"line":96,"column":25}},"27":{"start":{"line":109,"column":85},"end":{"line":109,"column":37588}},"28":{"start":{"line":109,"column":89},"end":{"line":109,"column":37577}}},"fnMap":{"0":{"name":"(anonymous_0)","decl":{"start":{"line":9,"column":13},"end":{"line":9,"column":14}},"loc":{"start":{"line":9,"column":19},"end":{"line":101,"column":9}},"line":9},"1":{"name":"(anonymous_1)","decl":{"start":{"line":17,"column":12},"end":{"line":17,"column":13}},"loc":{"start":{"line":17,"column":16},"end":{"line":20,"column":3}},"line":17},"2":{"name":"(anonymous_2)","decl":{"start":{"line":21,"column":17},"end":{"line":21,"column":18}},"loc":{"start":{"line":21,"column":27},"end":{"line":29,"column":2}},"line":21},"3":{"name":"(anonymous_3)","decl":{"start":{"line":40,"column":20},"end":{"line":40,"column":21}},"loc":{"start":{"line":40,"column":25},"end":{"line":40,"column":54}},"line":40},"4":{"name":"(anonymous_4)","decl":{"start":{"line":44,"column":20},"end":{"line":44,"column":21}},"loc":{"start":{"line":44,"column":24},"end":{"line":58,"column":11}},"line":44},"5":{"name":"(anonymous_5)","decl":{"start":{"line":45,"column":63},"end":{"line":45,"column":64}},"loc":{"start":{"line":48,"column":14},"end":{"line":48,"column":76}},"line":48},"6":{"name":"(anonymous_6)","decl":{"start":{"line":65,"column":19},"end":{"line":65,"column":20}},"loc":{"start":{"line":65,"column":25},"end":{"line":72,"column":11}},"line":65},"7":{"name":"(anonymous_7)","decl":{"start":{"line":69,"column":14},"end":{"line":69,"column":15}},"loc":{"start":{"line":69,"column":21},"end":{"line":69,"column":45}},"line":69},"8":{"name":"(anonymous_8)","decl":{"start":{"line":79,"column":93},"end":{"line":79,"column":94}},"loc":{"start":{"line":79,"column":98},"end":{"line":79,"column":125}},"line":79},"9":{"name":"(anonymous_9)","decl":{"start":{"line":83,"column":31},"end":{"line":83,"column":32}},"loc":{"start":{"line":89,"column":18},"end":{"line":96,"column":25}},"line":89},"10":{"name":"oo_cm","decl":{"start":{"line":109,"column":77},"end":{"line":109,"column":82}},"loc":{"start":{"line":109,"column":84},"end":{"line":109,"column":37589}},"line":109}},"branchMap":{"0":{"loc":{"start":{"line":31,"column":1},"end":{"line":31,"column":61}},"type":"if","locations":[{"start":{"line":31,"column":1},"end":{"line":31,"column":61}},{"start":{},"end":{}}],"line":31},"1":{"loc":{"start":{"line":34,"column":9},"end":{"line":100,"column":3}},"type":"cond-expr","locations":[{"start":{"line":34,"column":64},"end":{"line":34,"column":74}},{"start":{"line":35,"column":4},"end":{"line":99,"column":10}}],"line":34},"2":{"loc":{"start":{"line":34,"column":9},"end":{"line":34,"column":61}},"type":"binary-expr","locations":[{"start":{"line":34,"column":9},"end":{"line":34,"column":27}},{"start":{"line":34,"column":31},"end":{"line":34,"column":61}}],"line":34},"3":{"loc":{"start":{"line":91,"column":20},"end":{"line":93,"column":115}},"type":"cond-expr","locations":[{"start":{"line":93,"column":18},"end":{"line":93,"column":69}},{"start":{"line":93,"column":70},"end":{"line":93,"column":115}}],"line":91},"4":{"loc":{"start":{"line":109,"column":96},"end":{"line":109,"column":37576}},"type":"binary-expr","locations":[{"start":{"line":109,"column":96},"end":{"line":109,"column":133}},{"start":{"line":109,"column":137},"end":{"line":109,"column":37576}}],"line":109}},"s":{"0":1,"1":7,"2":7,"3":7,"4":7,"5":7,"6":7,"7":2,"8":7,"9":2,"10":2,"11":2,"12":2,"13":7,"14":7,"15":0,"16":7,"17":1,"18":1,"19":20,"20":1,"21":1,"22":1,"23":20,"24":1,"25":0,"26":65,"27":1,"28":1},"f":{"0":7,"1":2,"2":2,"3":1,"4":1,"5":20,"6":1,"7":20,"8":0,"9":65,"10":1},"b":{"0":[0,7],"1":[2,5],"2":[7,7],"3":[65,0],"4":[1,0]},"_coverageSchema":"1a1c01bbd47fc00a2c39e90264f33305004495a9","hash":"cf2340ffe901104b2c615fbfd2fc07b2f5ecd48d"}
,"C:\\Users\\sahup\\Desktop\\reactJS\\13 Time for Test\\src\\components\\Cart.jsx": {"path":"C:\\Users\\sahup\\Desktop\\reactJS\\13 Time for Test\\src\\components\\Cart.jsx","statementMap":{"0":{"start":{"line":6,"column":13},"end":{"line":21,"column":1}},"1":{"start":{"line":7,"column":21},"end":{"line":7,"column":59}},"2":{"start":{"line":7,"column":42},"end":{"line":7,"column":58}},"3":{"start":{"line":8,"column":24},"end":{"line":8,"column":81}},"4":{"start":{"line":9,"column":19},"end":{"line":9,"column":32}},"5":{"start":{"line":10,"column":24},"end":{"line":12,"column":5}},"6":{"start":{"line":11,"column":8},"end":{"line":11,"column":29}},"7":{"start":{"line":13,"column":2},"end":{"line":20,"column":9}},"8":{"start":{"line":30,"column":85},"end":{"line":30,"column":37588}},"9":{"start":{"line":30,"column":89},"end":{"line":30,"column":37577}}},"fnMap":{"0":{"name":"(anonymous_0)","decl":{"start":{"line":6,"column":13},"end":{"line":6,"column":14}},"loc":{"start":{"line":6,"column":19},"end":{"line":21,"column":1}},"line":6},"1":{"name":"(anonymous_1)","decl":{"start":{"line":7,"column":33},"end":{"line":7,"column":34}},"loc":{"start":{"line":7,"column":42},"end":{"line":7,"column":58}},"line":7},"2":{"name":"(anonymous_2)","decl":{"start":{"line":10,"column":24},"end":{"line":10,"column":25}},"loc":{"start":{"line":10,"column":28},"end":{"line":12,"column":5}},"line":10},"3":{"name":"oo_cm","decl":{"start":{"line":30,"column":77},"end":{"line":30,"column":82}},"loc":{"start":{"line":30,"column":84},"end":{"line":30,"column":37589}},"line":30}},"branchMap":{"0":{"loc":{"start":{"line":17,"column":9},"end":{"line":17,"column":59}},"type":"binary-expr","locations":[{"start":{"line":17,"column":9},"end":{"line":17,"column":29}},{"start":{"line":17,"column":34},"end":{"line":17,"column":59}}],"line":17},"1":{"loc":{"start":{"line":30,"column":96},"end":{"line":30,"column":37576}},"type":"binary-expr","locations":[{"start":{"line":30,"column":96},"end":{"line":30,"column":133}},{"start":{"line":30,"column":137},"end":{"line":30,"column":37576}}],"line":30}},"s":{"0":1,"1":4,"2":8,"3":4,"4":4,"5":4,"6":1,"7":4,"8":4,"9":4},"f":{"0":4,"1":8,"2":1,"3":4},"b":{"0":[4,2],"1":[4,1]},"_coverageSchema":"1a1c01bbd47fc00a2c39e90264f33305004495a9","hash":"016bda7b3c4183cbad3ac0d397fd42f0b7f8bdad"}
,"C:\\Users\\sahup\\Desktop\\reactJS\\13 Time for Test\\src\\components\\Contact.jsx": {"path":"C:\\Users\\sahup\\Desktop\\reactJS\\13 Time for Test\\src\\components\\Contact.jsx","statementMap":{"0":{"start":{"line":3,"column":16},"end":{"line":13,"column":1}},"1":{"start":{"line":4,"column":2},"end":{"line":12,"column":9}}},"fnMap":{"0":{"name":"(anonymous_0)","decl":{"start":{"line":3,"column":16},"end":{"line":3,"column":17}},"loc":{"start":{"line":3,"column":22},"end":{"line":13,"column":1}},"line":3}},"branchMap":{},"s":{"0":1,"1":4},"f":{"0":4},"b":{},"_coverageSchema":"1a1c01bbd47fc00a2c39e90264f33305004495a9","hash":"3bb19ff312af5dda97e55336e568e7e8d4bde97b"}
,"C:\\Users\\sahup\\Desktop\\reactJS\\13 Time for Test\\src\\components\\Header.jsx": {"path":"C:\\Users\\sahup\\Desktop\\reactJS\\13 Time for Test\\src\\components\\Header.jsx","statementMap":{"0":{"start":{"line":7,"column":15},"end":{"line":57,"column":3}},"1":{"start":{"line":9,"column":39},"end":{"line":9,"column":56}},"2":{"start":{"line":10,"column":19},"end":{"line":10,"column":36}},"3":{"start":{"line":11,"column":22},"end":{"line":11,"column":45}},"4":{"start":{"line":13,"column":17},"end":{"line":13,"column":55}},"5":{"start":{"line":13,"column":38},"end":{"line":13,"column":54}},"6":{"start":{"line":16,"column":4},"end":{"line":56,"column":6}},"7":{"start":{"line":50,"column":14},"end":{"line":50,"column":90}}},"fnMap":{"0":{"name":"(anonymous_0)","decl":{"start":{"line":7,"column":15},"end":{"line":7,"column":16}},"loc":{"start":{"line":7,"column":21},"end":{"line":57,"column":3}},"line":7},"1":{"name":"(anonymous_1)","decl":{"start":{"line":13,"column":29},"end":{"line":13,"column":30}},"loc":{"start":{"line":13,"column":38},"end":{"line":13,"column":54}},"line":13},"2":{"name":"(anonymous_2)","decl":{"start":{"line":49,"column":29},"end":{"line":49,"column":30}},"loc":{"start":{"line":49,"column":33},"end":{"line":51,"column":13}},"line":49}},"branchMap":{"0":{"loc":{"start":{"line":28,"column":29},"end":{"line":28,"column":52}},"type":"cond-expr","locations":[{"start":{"line":28,"column":44},"end":{"line":28,"column":47}},{"start":{"line":28,"column":49},"end":{"line":28,"column":52}}],"line":28},"1":{"loc":{"start":{"line":50,"column":14},"end":{"line":50,"column":90}},"type":"cond-expr","locations":[{"start":{"line":50,"column":39},"end":{"line":50,"column":64}},{"start":{"line":50,"column":66},"end":{"line":50,"column":90}}],"line":50}},"s":{"0":2,"1":9,"2":9,"3":9,"4":9,"5":17,"6":9,"7":1},"f":{"0":9,"1":17,"2":1},"b":{"0":[9,0],"1":[1,0]},"_coverageSchema":"1a1c01bbd47fc00a2c39e90264f33305004495a9","hash":"ffa307b7fa5ec4d66b32c10edfc37965438bf754"}
,"C:\\Users\\sahup\\Desktop\\reactJS\\13 Time for Test\\src\\components\\ItemListOfAccordiant.jsx": {"path":"C:\\Users\\sahup\\Desktop\\reactJS\\13 Time for Test\\src\\components\\ItemListOfAccordiant.jsx","statementMap":{"0":{"start":{"line":6,"column":29},"end":{"line":45,"column":1}},"1":{"start":{"line":8,"column":17},"end":{"line":8,"column":30}},"2":{"start":{"line":9,"column":22},"end":{"line":12,"column":3}},"3":{"start":{"line":11,"column":4},"end":{"line":11,"column":27}},"4":{"start":{"line":13,"column":2},"end":{"line":44,"column":4}},"5":{"start":{"line":16,"column":8},"end":{"line":41,"column":14}},"6":{"start":{"line":31,"column":99},"end":{"line":31,"column":118}}},"fnMap":{"0":{"name":"(anonymous_0)","decl":{"start":{"line":6,"column":29},"end":{"line":6,"column":30}},"loc":{"start":{"line":6,"column":44},"end":{"line":45,"column":1}},"line":6},"1":{"name":"(anonymous_1)","decl":{"start":{"line":9,"column":22},"end":{"line":9,"column":23}},"loc":{"start":{"line":9,"column":30},"end":{"line":12,"column":3}},"line":9},"2":{"name":"(anonymous_2)","decl":{"start":{"line":15,"column":17},"end":{"line":15,"column":18}},"loc":{"start":{"line":16,"column":8},"end":{"line":41,"column":14}},"line":16},"3":{"name":"(anonymous_3)","decl":{"start":{"line":31,"column":95},"end":{"line":31,"column":96}},"loc":{"start":{"line":31,"column":99},"end":{"line":31,"column":118}},"line":31}},"branchMap":{},"s":{"0":1,"1":5,"2":5,"3":2,"4":5,"5":19,"6":2},"f":{"0":5,"1":2,"2":19,"3":2},"b":{},"_coverageSchema":"1a1c01bbd47fc00a2c39e90264f33305004495a9","hash":"d1ebbc2293f703bf1ed8dfa234874b48a5f5574b"}
,"C:\\Users\\sahup\\Desktop\\reactJS\\13 Time for Test\\src\\components\\RestaurantCard.jsx": {"path":"C:\\Users\\sahup\\Desktop\\reactJS\\13 Time for Test\\src\\components\\RestaurantCard.jsx","statementMap":{"0":{"start":{"line":5,"column":23},"end":{"line":51,"column":3}},"1":{"start":{"line":6,"column":21},"end":{"line":6,"column":75}},"2":{"start":{"line":8,"column":23},"end":{"line":8,"column":46}},"3":{"start":{"line":11,"column":87},"end":{"line":11,"column":94}},"4":{"start":{"line":16,"column":4},"end":{"line":50,"column":6}},"5":{"start":{"line":39,"column":9},"end":{"line":43,"column":12}},"6":{"start":{"line":56,"column":32},"end":{"line":66,"column":3}},"7":{"start":{"line":57,"column":9},"end":{"line":64,"column":10}},"8":{"start":{"line":58,"column":10},"end":{"line":63,"column":11}},"9":{"start":{"line":75,"column":85},"end":{"line":75,"column":37588}},"10":{"start":{"line":75,"column":89},"end":{"line":75,"column":37577}}},"fnMap":{"0":{"name":"(anonymous_0)","decl":{"start":{"line":5,"column":23},"end":{"line":5,"column":24}},"loc":{"start":{"line":5,"column":38},"end":{"line":51,"column":3}},"line":5},"1":{"name":"(anonymous_1)","decl":{"start":{"line":38,"column":47},"end":{"line":38,"column":48}},"loc":{"start":{"line":39,"column":9},"end":{"line":43,"column":12}},"line":39},"2":{"name":"(anonymous_2)","decl":{"start":{"line":56,"column":32},"end":{"line":56,"column":33}},"loc":{"start":{"line":56,"column":50},"end":{"line":66,"column":3}},"line":56},"3":{"name":"(anonymous_3)","decl":{"start":{"line":57,"column":15},"end":{"line":57,"column":16}},"loc":{"start":{"line":57,"column":24},"end":{"line":64,"column":10}},"line":57},"4":{"name":"oo_cm","decl":{"start":{"line":75,"column":77},"end":{"line":75,"column":82}},"loc":{"start":{"line":75,"column":84},"end":{"line":75,"column":37589}},"line":75}},"branchMap":{"0":{"loc":{"start":{"line":37,"column":26},"end":{"line":37,"column":59}},"type":"binary-expr","locations":[{"start":{"line":37,"column":26},"end":{"line":37,"column":45}},{"start":{"line":37,"column":49},"end":{"line":37,"column":59}}],"line":37},"1":{"loc":{"start":{"line":75,"column":96},"end":{"line":75,"column":37576}},"type":"binary-expr","locations":[{"start":{"line":75,"column":96},"end":{"line":75,"column":133}},{"start":{"line":75,"column":137},"end":{"line":75,"column":37576}}],"line":75}},"s":{"0":2,"1":66,"2":66,"3":66,"4":66,"5":16,"6":2,"7":7,"8":65,"9":66,"10":66},"f":{"0":66,"1":16,"2":7,"3":65,"4":66},"b":{"0":[66,66],"1":[66,2]},"_coverageSchema":"1a1c01bbd47fc00a2c39e90264f33305004495a9","hash":"0b0c8ab06c3e904ff6c2183655fa41f310abd089"}
,"C:\\Users\\sahup\\Desktop\\reactJS\\13 Time for Test\\src\\components\\RestaurantCategory.jsx": {"path":"C:\\Users\\sahup\\Desktop\\reactJS\\13 Time for Test\\src\\components\\RestaurantCategory.jsx","statementMap":{"0":{"start":{"line":5,"column":27},"end":{"line":24,"column":1}},"1":{"start":{"line":6,"column":21},"end":{"line":8,"column":3}},"2":{"start":{"line":7,"column":4},"end":{"line":7,"column":18}},"3":{"start":{"line":9,"column":2},"end":{"line":23,"column":9}}},"fnMap":{"0":{"name":"(anonymous_0)","decl":{"start":{"line":5,"column":27},"end":{"line":5,"column":28}},"loc":{"start":{"line":5,"column":62},"end":{"line":24,"column":1}},"line":5},"1":{"name":"(anonymous_1)","decl":{"start":{"line":6,"column":21},"end":{"line":6,"column":22}},"loc":{"start":{"line":6,"column":25},"end":{"line":8,"column":3}},"line":6}},"branchMap":{"0":{"loc":{"start":{"line":17,"column":16},"end":{"line":17,"column":74}},"type":"binary-expr","locations":[{"start":{"line":17,"column":16},"end":{"line":17,"column":25}},{"start":{"line":17,"column":28},"end":{"line":17,"column":74}}],"line":17}},"s":{"0":1,"1":12,"2":1,"3":12},"f":{"0":12,"1":1},"b":{"0":[12,1]},"_coverageSchema":"1a1c01bbd47fc00a2c39e90264f33305004495a9","hash":"91f4d868c445e9317dfb93d3af5a824dc2c97d53"}
,"C:\\Users\\sahup\\Desktop\\reactJS\\13 Time for Test\\src\\components\\RestaurantMenu.jsx": {"path":"C:\\Users\\sahup\\Desktop\\reactJS\\13 Time for Test\\src\\components\\RestaurantMenu.jsx","statementMap":{"0":{"start":{"line":6,"column":23},"end":{"line":48,"column":1}},"1":{"start":{"line":7,"column":20},"end":{"line":7,"column":31}},"2":{"start":{"line":8,"column":18},"end":{"line":8,"column":41}},"3":{"start":{"line":9,"column":32},"end":{"line":9,"column":46}},"4":{"start":{"line":11,"column":2},"end":{"line":11,"column":43}},"5":{"start":{"line":11,"column":24},"end":{"line":11,"column":43}},"6":{"start":{"line":12,"column":25},"end":{"line":12,"column":60}},"7":{"start":{"line":14,"column":2},"end":{"line":16,"column":3}},"8":{"start":{"line":15,"column":4},"end":{"line":15,"column":55}},"9":{"start":{"line":18,"column":19},"end":{"line":18,"column":179}},"10":{"start":{"line":18,"column":90},"end":{"line":18,"column":178}},"11":{"start":{"line":21,"column":48},"end":{"line":21,"column":62}},"12":{"start":{"line":23,"column":4},"end":{"line":23,"column":79}},"13":{"start":{"line":25,"column":2},"end":{"line":47,"column":4}},"14":{"start":{"line":35,"column":6},"end":{"line":35,"column":172}},"15":{"start":{"line":35,"column":150},"end":{"line":35,"column":169}}},"fnMap":{"0":{"name":"(anonymous_0)","decl":{"start":{"line":6,"column":23},"end":{"line":6,"column":24}},"loc":{"start":{"line":6,"column":29},"end":{"line":48,"column":1}},"line":6},"1":{"name":"(anonymous_1)","decl":{"start":{"line":18,"column":87},"end":{"line":18,"column":88}},"loc":{"start":{"line":18,"column":90},"end":{"line":18,"column":178}},"line":18},"2":{"name":"(anonymous_2)","decl":{"start":{"line":34,"column":21},"end":{"line":34,"column":22}},"loc":{"start":{"line":35,"column":6},"end":{"line":35,"column":172}},"line":35},"3":{"name":"(anonymous_3)","decl":{"start":{"line":35,"column":146},"end":{"line":35,"column":147}},"loc":{"start":{"line":35,"column":150},"end":{"line":35,"column":169}},"line":35}},"branchMap":{"0":{"loc":{"start":{"line":11,"column":2},"end":{"line":11,"column":43}},"type":"if","locations":[{"start":{"line":11,"column":2},"end":{"line":11,"column":43}},{"start":{},"end":{}}],"line":11},"1":{"loc":{"start":{"line":14,"column":2},"end":{"line":16,"column":3}},"type":"if","locations":[{"start":{"line":14,"column":2},"end":{"line":16,"column":3}},{"start":{},"end":{}}],"line":14},"2":{"loc":{"start":{"line":35,"column":99},"end":{"line":35,"column":130}},"type":"cond-expr","locations":[{"start":{"line":35,"column":119},"end":{"line":35,"column":123}},{"start":{"line":35,"column":125},"end":{"line":35,"column":130}}],"line":35}},"s":{"0":1,"1":3,"2":3,"3":3,"4":3,"5":1,"6":2,"7":2,"8":0,"9":2,"10":22,"11":2,"12":2,"13":2,"14":12,"15":1},"f":{"0":3,"1":22,"2":12,"3":1},"b":{"0":[1,2],"1":[0,2],"2":[1,11]},"_coverageSchema":"1a1c01bbd47fc00a2c39e90264f33305004495a9","hash":"faf44a89de70600238dbb0018b462582f855c9b2"}
,"C:\\Users\\sahup\\Desktop\\reactJS\\13 Time for Test\\src\\components\\Shimmer.jsx": {"path":"C:\\Users\\sahup\\Desktop\\reactJS\\13 Time for Test\\src\\components\\Shimmer.jsx","statementMap":{"0":{"start":{"line":3,"column":16},"end":{"line":18,"column":1}},"1":{"start":{"line":4,"column":2},"end":{"line":17,"column":9}}},"fnMap":{"0":{"name":"(anonymous_0)","decl":{"start":{"line":3,"column":16},"end":{"line":3,"column":17}},"loc":{"start":{"line":3,"column":22},"end":{"line":18,"column":1}},"line":3}},"branchMap":{},"s":{"0":2,"1":3},"f":{"0":3},"b":{},"_coverageSchema":"1a1c01bbd47fc00a2c39e90264f33305004495a9","hash":"4ead31fc53b0edadab2f16f7651495a39603cf4c"}
,"C:\\Users\\sahup\\Desktop\\reactJS\\13 Time for Test\\src\\components\\sum.js": {"path":"C:\\Users\\sahup\\Desktop\\reactJS\\13 Time for Test\\src\\components\\sum.js","statementMap":{"0":{"start":{"line":1,"column":18},"end":{"line":3,"column":1}},"1":{"start":{"line":2,"column":4},"end":{"line":2,"column":14}}},"fnMap":{"0":{"name":"(anonymous_0)","decl":{"start":{"line":1,"column":18},"end":{"line":1,"column":19}},"loc":{"start":{"line":1,"column":25},"end":{"line":3,"column":1}},"line":1}},"branchMap":{},"s":{"0":1,"1":1},"f":{"0":1},"b":{},"_coverageSchema":"1a1c01bbd47fc00a2c39e90264f33305004495a9","hash":"aac8eb031c4ed1948db32e31a320be4853b16e42"}
,"C:\\Users\\sahup\\Desktop\\reactJS\\13 Time for Test\\src\\utils\\UserContext.js": {"path":"C:\\Users\\sahup\\Desktop\\reactJS\\13 Time for Test\\src\\utils\\UserContext.js","statementMap":{"0":{"start":{"line":3,"column":19},"end":{"line":3,"column":63}}},"fnMap":{},"branchMap":{},"s":{"0":4},"f":{},"b":{},"_coverageSchema":"1a1c01bbd47fc00a2c39e90264f33305004495a9","hash":"28db4842c6fe48cf9f2d62414696c2d3662cfe41"}
,"C:\\Users\\sahup\\Desktop\\reactJS\\13 Time for Test\\src\\utils\\appStore.js": {"path":"C:\\Users\\sahup\\Desktop\\reactJS\\13 Time for Test\\src\\utils\\appStore.js","statementMap":{"0":{"start":{"line":3,"column":17},"end":{"line":8,"column":1}}},"fnMap":{},"branchMap":{},"s":{"0":2},"f":{},"b":{},"_coverageSchema":"1a1c01bbd47fc00a2c39e90264f33305004495a9","hash":"adcba33980573b75dc5174323e7f7e61469ded24"}
,"C:\\Users\\sahup\\Desktop\\reactJS\\13 Time for Test\\src\\utils\\cartSlice.js": {"path":"C:\\Users\\sahup\\Desktop\\reactJS\\13 Time for Test\\src\\utils\\cartSlice.js","statementMap":{"0":{"start":{"line":3,"column":16},"end":{"line":30,"column":2}},"1":{"start":{"line":17,"column":15},"end":{"line":17,"column":47}},"2":{"start":{"line":20,"column":32},"end":{"line":20,"column":96}},"3":{"start":{"line":22,"column":12},"end":{"line":22,"column":29}},"4":{"start":{"line":26,"column":12},"end":{"line":26,"column":32}},"5":{"start":{"line":31,"column":44},"end":{"line":31,"column":61}},"6":{"start":{"line":40,"column":85},"end":{"line":40,"column":37588}},"7":{"start":{"line":40,"column":89},"end":{"line":40,"column":37577}}},"fnMap":{"0":{"name":"(anonymous_0)","decl":{"start":{"line":9,"column":16},"end":{"line":9,"column":17}},"loc":{"start":{"line":9,"column":32},"end":{"line":18,"column":9}},"line":9},"1":{"name":"(anonymous_1)","decl":{"start":{"line":19,"column":19},"end":{"line":19,"column":20}},"loc":{"start":{"line":19,"column":35},"end":{"line":23,"column":9}},"line":19},"2":{"name":"(anonymous_2)","decl":{"start":{"line":24,"column":18},"end":{"line":24,"column":19}},"loc":{"start":{"line":24,"column":34},"end":{"line":28,"column":9}},"line":24},"3":{"name":"oo_cm","decl":{"start":{"line":40,"column":77},"end":{"line":40,"column":82}},"loc":{"start":{"line":40,"column":84},"end":{"line":40,"column":37589}},"line":40}},"branchMap":{"0":{"loc":{"start":{"line":40,"column":96},"end":{"line":40,"column":37576}},"type":"binary-expr","locations":[{"start":{"line":40,"column":96},"end":{"line":40,"column":133}},{"start":{"line":40,"column":137},"end":{"line":40,"column":37576}}],"line":40}},"s":{"0":2,"1":2,"2":0,"3":0,"4":1,"5":2,"6":0,"7":0},"f":{"0":2,"1":0,"2":1,"3":0},"b":{"0":[0,0]},"_coverageSchema":"1a1c01bbd47fc00a2c39e90264f33305004495a9","hash":"a6927b5f2ec227f9d1e3029907ea152b1c913d28"}
,"C:\\Users\\sahup\\Desktop\\reactJS\\13 Time for Test\\src\\utils\\constants.js": {"path":"C:\\Users\\sahup\\Desktop\\reactJS\\13 Time for Test\\src\\utils\\constants.js","statementMap":{"0":{"start":{"line":1,"column":22},"end":{"line":1,"column":113}},"1":{"start":{"line":2,"column":22},"end":{"line":2,"column":101}},"2":{"start":{"line":3,"column":22},"end":{"line":3,"column":152}}},"fnMap":{},"branchMap":{},"s":{"0":4,"1":4,"2":4},"f":{},"b":{},"_coverageSchema":"1a1c01bbd47fc00a2c39e90264f33305004495a9","hash":"3e085059780164458a8843120279f38b09586ea2"}
,"C:\\Users\\sahup\\Desktop\\reactJS\\13 Time for Test\\src\\utils\\useOnlineStatus.js": {"path":"C:\\Users\\sahup\\Desktop\\reactJS\\13 Time for Test\\src\\utils\\useOnlineStatus.js","statementMap":{"0":{"start":{"line":3,"column":22},"end":{"line":19,"column":1}},"1":{"start":{"line":4,"column":39},"end":{"line":4,"column":53}},"2":{"start":{"line":5,"column":6},"end":{"line":12,"column":11}},"3":{"start":{"line":6,"column":8},"end":{"line":8,"column":10}},"4":{"start":{"line":7,"column":10},"end":{"line":7,"column":32}},"5":{"start":{"line":9,"column":9},"end":{"line":11,"column":10}},"6":{"start":{"line":10,"column":10},"end":{"line":10,"column":31}},"7":{"start":{"line":16,"column":4},"end":{"line":16,"column":23}}},"fnMap":{"0":{"name":"(anonymous_0)","decl":{"start":{"line":3,"column":22},"end":{"line":3,"column":23}},"loc":{"start":{"line":3,"column":26},"end":{"line":19,"column":1}},"line":3},"1":{"name":"(anonymous_1)","decl":{"start":{"line":5,"column":16},"end":{"line":5,"column":17}},"loc":{"start":{"line":5,"column":20},"end":{"line":12,"column":7}},"line":5},"2":{"name":"(anonymous_2)","decl":{"start":{"line":6,"column":42},"end":{"line":6,"column":43}},"loc":{"start":{"line":6,"column":46},"end":{"line":8,"column":9}},"line":6},"3":{"name":"(anonymous_3)","decl":{"start":{"line":9,"column":42},"end":{"line":9,"column":43}},"loc":{"start":{"line":9,"column":46},"end":{"line":11,"column":9}},"line":9}},"branchMap":{},"s":{"0":3,"1":16,"2":16,"3":7,"4":0,"5":7,"6":0,"7":16},"f":{"0":16,"1":7,"2":0,"3":0},"b":{},"_coverageSchema":"1a1c01bbd47fc00a2c39e90264f33305004495a9","hash":"f950b0f716f50c719a61bb352bd96a068b62029c"}
,"C:\\Users\\sahup\\Desktop\\reactJS\\13 Time for Test\\src\\utils\\useRestrauntMenu.js": {"path":"C:\\Users\\sahup\\Desktop\\reactJS\\13 Time for Test\\src\\utils\\useRestrauntMenu.js","statementMap":{"0":{"start":{"line":3,"column":23},"end":{"line":14,"column":1}},"1":{"start":{"line":4,"column":28},"end":{"line":4,"column":42}},"2":{"start":{"line":5,"column":4},"end":{"line":7,"column":9}},"3":{"start":{"line":6,"column":8},"end":{"line":6,"column":19}},"4":{"start":{"line":8,"column":20},"end":{"line":12,"column":5}},"5":{"start":{"line":9,"column":20},"end":{"line":9,"column":48}},"6":{"start":{"line":10,"column":21},"end":{"line":10,"column":39}},"7":{"start":{"line":11,"column":9},"end":{"line":11,"column":30}},"8":{"start":{"line":13,"column":4},"end":{"line":13,"column":18}}},"fnMap":{"0":{"name":"(anonymous_0)","decl":{"start":{"line":3,"column":23},"end":{"line":3,"column":24}},"loc":{"start":{"line":3,"column":32},"end":{"line":14,"column":1}},"line":3},"1":{"name":"(anonymous_1)","decl":{"start":{"line":5,"column":14},"end":{"line":5,"column":15}},"loc":{"start":{"line":5,"column":18},"end":{"line":7,"column":5}},"line":5},"2":{"name":"(anonymous_2)","decl":{"start":{"line":8,"column":20},"end":{"line":8,"column":21}},"loc":{"start":{"line":8,"column":29},"end":{"line":12,"column":5}},"line":8}},"branchMap":{},"s":{"0":1,"1":3,"2":3,"3":1,"4":3,"5":1,"6":1,"7":1,"8":3},"f":{"0":3,"1":1,"2":1},"b":{},"_coverageSchema":"1a1c01bbd47fc00a2c39e90264f33305004495a9","hash":"900d7ef8afc021c15f1d3a49ba6302e880661c24"}
}
