TN:
SF:src\components\Body.jsx
FN:9,(anonymous_0)
FN:17,(anonymous_1)
FN:21,(anonymous_2)
FN:40,(anonymous_3)
FN:44,(anonymous_4)
FN:45,(anonymous_5)
FN:65,(anonymous_6)
FN:69,(anonymous_7)
FN:79,(anonymous_8)
FN:83,(anonymous_9)
FN:109,oo_cm
FNF:11
FNH:10
FNDA:7,(anonymous_0)
FNDA:2,(anonymous_1)
FNDA:2,(anonymous_2)
FNDA:1,(anonymous_3)
FNDA:1,(anonymous_4)
FNDA:20,(anonymous_5)
FNDA:1,(anonymous_6)
FNDA:20,(anonymous_7)
FNDA:0,(anonymous_8)
FNDA:65,(anonymous_9)
FNDA:1,oo_cm
DA:9,1
DA:10,7
DA:11,7
DA:12,7
DA:13,7
DA:15,7
DA:17,7
DA:18,2
DA:21,7
DA:22,2
DA:23,2
DA:24,2
DA:26,2
DA:30,7
DA:31,7
DA:34,7
DA:40,1
DA:45,1
DA:48,20
DA:51,1
DA:52,1
DA:67,1
DA:69,20
DA:71,1
DA:79,0
DA:89,65
DA:109,1
LF:27
LH:26
BRDA:31,0,0,0
BRDA:31,0,1,7
BRDA:34,1,0,2
BRDA:34,1,1,5
BRDA:34,2,0,7
BRDA:34,2,1,7
BRDA:91,3,0,65
BRDA:91,3,1,0
BRDA:109,4,0,1
BRDA:109,4,1,0
BRF:10
BRH:7
end_of_record
TN:
SF:src\components\Cart.jsx
FN:6,(anonymous_0)
FN:7,(anonymous_1)
FN:10,(anonymous_2)
FN:30,oo_cm
FNF:4
FNH:4
FNDA:4,(anonymous_0)
FNDA:8,(anonymous_1)
FNDA:1,(anonymous_2)
FNDA:4,oo_cm
DA:6,1
DA:7,8
DA:8,4
DA:9,4
DA:10,4
DA:11,1
DA:13,4
DA:30,4
LF:8
LH:8
BRDA:17,0,0,4
BRDA:17,0,1,2
BRDA:30,1,0,4
BRDA:30,1,1,1
BRF:4
BRH:4
end_of_record
TN:
SF:src\components\Contact.jsx
FN:3,(anonymous_0)
FNF:1
FNH:1
FNDA:4,(anonymous_0)
DA:3,1
DA:4,4
LF:2
LH:2
BRF:0
BRH:0
end_of_record
TN:
SF:src\components\Header.jsx
FN:7,(anonymous_0)
FN:13,(anonymous_1)
FN:49,(anonymous_2)
FNF:3
FNH:3
FNDA:9,(anonymous_0)
FNDA:17,(anonymous_1)
FNDA:1,(anonymous_2)
DA:7,2
DA:9,9
DA:10,9
DA:11,9
DA:13,17
DA:16,9
DA:50,1
LF:7
LH:7
BRDA:28,0,0,9
BRDA:28,0,1,0
BRDA:50,1,0,1
BRDA:50,1,1,0
BRF:4
BRH:2
end_of_record
TN:
SF:src\components\ItemListOfAccordiant.jsx
FN:6,(anonymous_0)
FN:9,(anonymous_1)
FN:15,(anonymous_2)
FN:31,(anonymous_3)
FNF:4
FNH:4
FNDA:5,(anonymous_0)
FNDA:2,(anonymous_1)
FNDA:19,(anonymous_2)
FNDA:2,(anonymous_3)
DA:6,1
DA:8,5
DA:9,5
DA:11,2
DA:13,5
DA:16,19
DA:31,2
LF:7
LH:7
BRF:0
BRH:0
end_of_record
TN:
SF:src\components\RestaurantCard.jsx
FN:5,(anonymous_0)
FN:38,(anonymous_1)
FN:56,(anonymous_2)
FN:57,(anonymous_3)
FN:75,oo_cm
FNF:5
FNH:5
FNDA:66,(anonymous_0)
FNDA:16,(anonymous_1)
FNDA:7,(anonymous_2)
FNDA:65,(anonymous_3)
FNDA:66,oo_cm
DA:5,2
DA:6,66
DA:8,66
DA:11,66
DA:16,66
DA:39,16
DA:56,2
DA:57,7
DA:58,65
DA:75,66
LF:10
LH:10
BRDA:37,0,0,66
BRDA:37,0,1,66
BRDA:75,1,0,66
BRDA:75,1,1,2
BRF:4
BRH:4
end_of_record
TN:
SF:src\components\RestaurantCategory.jsx
FN:5,(anonymous_0)
FN:6,(anonymous_1)
FNF:2
FNH:2
FNDA:12,(anonymous_0)
FNDA:1,(anonymous_1)
DA:5,1
DA:6,12
DA:7,1
DA:9,12
LF:4
LH:4
BRDA:17,0,0,12
BRDA:17,0,1,1
BRF:2
BRH:2
end_of_record
TN:
SF:src\components\RestaurantMenu.jsx
FN:6,(anonymous_0)
FN:18,(anonymous_1)
FN:34,(anonymous_2)
FN:35,(anonymous_3)
FNF:4
FNH:4
FNDA:3,(anonymous_0)
FNDA:22,(anonymous_1)
FNDA:12,(anonymous_2)
FNDA:1,(anonymous_3)
DA:6,1
DA:7,3
DA:8,3
DA:9,3
DA:11,3
DA:12,2
DA:14,2
DA:15,0
DA:18,22
DA:21,2
DA:23,2
DA:25,2
DA:35,12
LF:13
LH:12
BRDA:11,0,0,1
BRDA:11,0,1,2
BRDA:14,1,0,0
BRDA:14,1,1,2
BRDA:35,2,0,1
BRDA:35,2,1,11
BRF:6
BRH:5
end_of_record
TN:
SF:src\components\Shimmer.jsx
FN:3,(anonymous_0)
FNF:1
FNH:1
FNDA:3,(anonymous_0)
DA:3,2
DA:4,3
LF:2
LH:2
BRF:0
BRH:0
end_of_record
TN:
SF:src\components\sum.js
FN:1,(anonymous_0)
FNF:1
FNH:1
FNDA:1,(anonymous_0)
DA:1,1
DA:2,1
LF:2
LH:2
BRF:0
BRH:0
end_of_record
TN:
SF:src\utils\UserContext.js
FNF:0
FNH:0
DA:3,4
LF:1
LH:1
BRF:0
BRH:0
end_of_record
TN:
SF:src\utils\appStore.js
FNF:0
FNH:0
DA:3,2
LF:1
LH:1
BRF:0
BRH:0
end_of_record
TN:
SF:src\utils\cartSlice.js
FN:9,(anonymous_0)
FN:19,(anonymous_1)
FN:24,(anonymous_2)
FN:40,oo_cm
FNF:4
FNH:2
FNDA:2,(anonymous_0)
FNDA:0,(anonymous_1)
FNDA:1,(anonymous_2)
FNDA:0,oo_cm
DA:3,2
DA:17,2
DA:20,0
DA:22,0
DA:26,1
DA:31,2
DA:40,0
LF:7
LH:4
BRDA:40,0,0,0
BRDA:40,0,1,0
BRF:2
BRH:0
end_of_record
TN:
SF:src\utils\constants.js
FNF:0
FNH:0
DA:1,4
DA:2,4
DA:3,4
LF:3
LH:3
BRF:0
BRH:0
end_of_record
TN:
SF:src\utils\useOnlineStatus.js
FN:3,(anonymous_0)
FN:5,(anonymous_1)
FN:6,(anonymous_2)
FN:9,(anonymous_3)
FNF:4
FNH:2
FNDA:16,(anonymous_0)
FNDA:7,(anonymous_1)
FNDA:0,(anonymous_2)
FNDA:0,(anonymous_3)
DA:3,3
DA:4,16
DA:5,16
DA:6,7
DA:7,0
DA:9,7
DA:10,0
DA:16,16
LF:8
LH:6
BRF:0
BRH:0
end_of_record
TN:
SF:src\utils\useRestrauntMenu.js
FN:3,(anonymous_0)
FN:5,(anonymous_1)
FN:8,(anonymous_2)
FNF:3
FNH:3
FNDA:3,(anonymous_0)
FNDA:1,(anonymous_1)
FNDA:1,(anonymous_2)
DA:3,1
DA:4,3
DA:5,3
DA:6,1
DA:8,3
DA:9,1
DA:10,1
DA:11,1
DA:13,3
LF:9
LH:9
BRF:0
BRH:0
end_of_record
